<?xml version="1.0" encoding="UTF-8"?>
<!-- Generated by org.testng.reporters.JUnitXMLReporter -->
<testsuite ignored="2" hostname="SasikiranKakara" failures="0" tests="1" name="Default test" time="8.528" errors="0" timestamp="2026-04-21T03:05:38 IST">
  <testcase classname="org.tests.Day1Test" name="taskThree" time="0.013"/>
  <testcase classname="org.tests.Day1Test" name="taskTwo" time="0.0">
    <ignored/>
  </testcase> <!-- taskTwo -->
  <testcase classname="org.tests.Day1Test" name="taskOne" time="0.0">
    <ignored/>
  </testcase> <!-- taskOne -->
</testsuite> <!-- Default test -->
