<?xml version="1.0" encoding="UTF-8"?>
<!-- Generated by org.testng.reporters.JUnitXMLReporter -->
<testsuite ignored="6" hostname="SasikiranKakara" failures="0" tests="1" name="Default test" time="8.112" errors="0" timestamp="2026-04-21T12:06:43 IST">
  <testcase classname="org.tests.Day1Test" name="testNamess" time="0.006"/>
  <testcase classname="org.tests.Day1Test" name="taskThree" time="0.0">
    <ignored/>
  </testcase> <!-- taskThree -->
  <testcase classname="org.tests.Day1Test" name="taskTwo" time="0.0">
    <ignored/>
  </testcase> <!-- taskTwo -->
  <testcase classname="org.tests.Day1Test" name="testName" time="0.0">
    <ignored/>
  </testcase> <!-- testName -->
  <testcase classname="org.tests.Day1Test" name="testNames" time="0.0">
    <ignored/>
  </testcase> <!-- testNames -->
  <testcase classname="org.tests.Day1Test" name="testUrl" time="0.0">
    <ignored/>
  </testcase> <!-- testUrl -->
  <testcase classname="org.tests.Day1Test" name="taskOne" time="0.0">
    <ignored/>
  </testcase> <!-- taskOne -->
</testsuite> <!-- Default test -->
