<?xml version="1.0" encoding="UTF-8"?>
<testng-results ignored="6" total="7" passed="1" failed="0" skipped="0">
  <reporter-output>
  </reporter-output>
  <suite started-at="2026-04-21T12:06:35 IST" name="Default suite" finished-at="2026-04-21T12:06:43 IST" duration-ms="8112">
    <groups>
    </groups>
    <test started-at="2026-04-21T12:06:35 IST" name="Default test" finished-at="2026-04-21T12:06:43 IST" duration-ms="8112">
      <class name="org.tests.Day1Test">
        <test-method is-config="true" signature="start()[pri:0, instance:org.tests.Day1Test@6ca8564a]" started-at="2026-04-21T12:06:35 IST" name="start" finished-at="2026-04-21T12:06:38 IST" duration-ms="3301" status="PASS">
          <reporter-output>
          </reporter-output>
        </test-method> <!-- start -->
        <test-method signature="testNamess()[pri:0, instance:org.tests.Day1Test@6ca8564a]" started-at="2026-04-21T12:06:38 IST" name="testNamess" finished-at="2026-04-21T12:06:38 IST" duration-ms="6" status="PASS">
          <reporter-output>
          </reporter-output>
        </test-method> <!-- testNamess -->
        <test-method is-config="true" signature="close()[pri:0, instance:org.tests.Day1Test@6ca8564a]" started-at="2026-04-21T12:06:38 IST" name="close" finished-at="2026-04-21T12:06:43 IST" duration-ms="4777" status="PASS">
          <reporter-output>
          </reporter-output>
        </test-method> <!-- close -->
      </class> <!-- org.tests.Day1Test -->
    </test> <!-- Default test -->
  </suite> <!-- Default suite -->
</testng-results>
